<?xml version="1.0" encoding="UTF-8"?>
<!-- Generated by org.testng.reporters.JUnitReportReporter -->
<testsuite hostname="LAPTOP-EQ8KEMK0" failures="0" tests="1" name="streamsAndLambda.test1" time="0.025" errors="0" timestamp="2025-09-28T13:58:20 IST" skipped="0">
  <testcase classname="streamsAndLambda.test1" name="regular" time="0.025"/>
  <system-out/>
</testsuite> <!-- streamsAndLambda.test1 -->
